<?xml version="1.0" encoding="UTF-8"?>
<!-- Generated by org.testng.reporters.JUnitXMLReporter -->
<testsuite ignored="0" hostname="IN-JG6ZZD3" failures="2" tests="9" name="Submit Order Test" time="53.927" errors="0" timestamp="2024-09-05T12:52:39 IST">
  <testcase classname="PracticeTest.SeleniumFramework.submitOrderCompleteParallelAndReport_Test" name="FailBlankLogin" time="0.552">
    <skipped/>
  </testcase> <!-- FailBlankLogin -->
  <testcase classname="PracticeTest.SeleniumFramework.submitOrderCompleteParallelAndReport_Test" name="FailBlankLogin" time="0.495">
    <failure type="java.lang.AssertionError" message="expected [*Email is required] but found [*Email required]">
      <![CDATA[java.lang.AssertionError: expected [*Email is required] but found [*Email required]
at PracticeTest.SeleniumFramework.submitOrderCompleteParallelAndReport_Test.FailBlankLogin(submitOrderCompleteParallelAndReport_Test.java:100)
at java.base/java.util.ArrayList.forEach(ArrayList.java:1511)
at java.base/java.util.concurrent.FutureTask.run(FutureTask.java:264)
at java.base/java.util.concurrent.ThreadPoolExecutor.runWorker(ThreadPoolExecutor.java:1136)
at java.base/java.util.concurrent.ThreadPoolExecutor$Worker.run(ThreadPoolExecutor.java:635)
at java.base/java.lang.Thread.run(Thread.java:840)
... Removed 23 stack frames]]>
    </failure>
  </testcase> <!-- FailBlankLogin -->
  <testcase classname="PracticeTest.SeleniumFramework.submitOrderCompleteParallelAndReport_Test" name="LoginErrorValidation" time="1.134"/>
  <testcase classname="PracticeTest.SeleniumFramework.submitOrderCompleteParallelAndReport_Test" name="submitOrder" time="4.653"/>
  <testcase classname="PracticeTest.SeleniumFramework.submitOrderCompleteParallelAndReport_Test" name="submitOrder" time="4.386"/>
  <testcase classname="PracticeTest.SeleniumFramework.submitOrderCompleteParallelAndReport_Test" name="BlankLogin" time="0.433"/>
  <testcase classname="PracticeTest.SeleniumFramework.submitOrderCompleteParallelAndReport_Test" name="InvalidLoginErrorValidation" time="1.108">
    <skipped/>
  </testcase> <!-- InvalidLoginErrorValidation -->
  <testcase classname="PracticeTest.SeleniumFramework.submitOrderCompleteParallelAndReport_Test" name="InvalidLoginErrorValidation" time="1.092">
    <failure type="java.lang.AssertionError" message="expected [Incorrect email or password.] but found [Logged IN]">
      <![CDATA[java.lang.AssertionError: expected [Incorrect email or password.] but found [Logged IN]
at PracticeTest.SeleniumFramework.submitOrderCompleteParallelAndReport_Test.InvalidLoginErrorValidation(submitOrderCompleteParallelAndReport_Test.java:91)
at java.base/java.util.ArrayList.forEach(ArrayList.java:1511)
at java.base/java.util.concurrent.FutureTask.run(FutureTask.java:264)
at java.base/java.util.concurrent.ThreadPoolExecutor.runWorker(ThreadPoolExecutor.java:1136)
at java.base/java.util.concurrent.ThreadPoolExecutor$Worker.run(ThreadPoolExecutor.java:635)
at java.base/java.lang.Thread.run(Thread.java:840)
... Removed 23 stack frames]]>
    </failure>
  </testcase> <!-- InvalidLoginErrorValidation -->
  <testcase classname="PracticeTest.SeleniumFramework.submitOrderCompleteParallelAndReport_Test" name="OrderHistoryTest" time="1.758"/>
</testsuite> <!-- Submit Order Test -->
