<!DOCTYPE html PUBLIC "-//W3C//DTD XHTML 1.1//EN" "https://www.w3.org/TR/xhtml11/DTD/xhtml11.dtd">
<html xmlns="https://www.w3.org/1999/xhtml">
<head>
<meta http-equiv="content-type" content="text/html; charset=UTF-8"/>
<title>TestNG Report</title>
<style type="text/css">table {margin-bottom:10px;border-collapse:collapse;empty-cells:show}th,td {border:1px solid #009;padding:.25em .5em}th {vertical-align:bottom}td {vertical-align:top}table a {font-weight:bold}.stripe td {background-color: #E6EBF9}.num {text-align:right}.passedodd td {background-color: #3F3}.passedeven td {background-color: #0A0}.skippedodd td {background-color: #DDD}.skippedeven td {background-color: #CCC}.failedodd td,.attn {background-color: #F33}.failedeven td,.stripe .attn {background-color: #D00}.stacktrace {white-space:pre;font-family:monospace}.totop {font-size:85%;text-align:center;border-bottom:2px solid #000}.invisible {display:none}</style>
</head>
<body>
<table>
<tr><th>Test</th><th># Passed</th><th># Skipped</th><th># Retried</th><th># Failed</th><th>Time (ms)</th><th>Included Groups</th><th>Excluded Groups</th></tr>
<tr><th colspan="8">Suite</th></tr>
<tr><td><a href="#t0">Submit Order Test</a></td><td class="num">5</td><td class="num">0</td><td class="num attn">2</td><td class="num attn">2</td><td class="num">53,927</td><td></td><td></td></tr>
</table>
<table id='summary'><thead><tr><th>Class</th><th>Method</th><th>Start</th><th>Time (ms)</th></tr></thead><tbody><tr><th colspan="4">Suite</th></tr></tbody><tbody id="t0"><tr><th colspan="4">Submit Order Test &#8212; failed</th></tr><tr class="failedeven"><td rowspan="2">PracticeTest.SeleniumFramework.submitOrderCompleteParallelAndReport_Test</td><td><a href="#m0">FailBlankLogin</a></td><td rowspan="1">1725520915159</td><td rowspan="1">495</td></tr><tr class="failedeven"><td><a href="#m1">InvalidLoginErrorValidation</a></td><td rowspan="1">1725520951233</td><td rowspan="1">1092</td></tr><tr><th colspan="4">Submit Order Test &#8212; retried</th></tr><tr class="retriedeven"><td rowspan="2">PracticeTest.SeleniumFramework.submitOrderCompleteParallelAndReport_Test</td><td><a href="#m2">FailBlankLogin</a></td><td rowspan="1">1725520909582</td><td rowspan="1">552</td></tr><tr class="retriedeven"><td><a href="#m3">InvalidLoginErrorValidation</a></td><td rowspan="1">1725520946631</td><td rowspan="1">1108</td></tr><tr><th colspan="4">Submit Order Test &#8212; passed</th></tr><tr class="passedeven"><td rowspan="5">PracticeTest.SeleniumFramework.submitOrderCompleteParallelAndReport_Test</td><td><a href="#m4">BlankLogin</a></td><td rowspan="1">1725520943031</td><td rowspan="1">433</td></tr><tr class="passedeven"><td><a href="#m5">LoginErrorValidation</a></td><td rowspan="1">1725520919627</td><td rowspan="1">1134</td></tr><tr class="passedeven"><td><a href="#m6">OrderHistoryTest</a></td><td rowspan="1">1725520956680</td><td rowspan="1">1758</td></tr><tr class="passedeven"><td><a href="#m7">submitOrder</a></td><td rowspan="2">1725520924599</td><td rowspan="2">4653</td></tr><tr class="passedeven"><td><a href="#m8">submitOrder</a></td></tr></tbody>
</table>
<h2>Submit Order Test</h2><h3 id="m0">PracticeTest.SeleniumFramework.submitOrderCompleteParallelAndReport_Test#FailBlankLogin</h3><table class="result"><tr><th>Exception</th></tr><tr><td><div class="stacktrace">java.lang.AssertionError: expected [*Email is required] but found [*Email required]
	at PracticeTest.SeleniumFramework.submitOrderCompleteParallelAndReport_Test.FailBlankLogin(submitOrderCompleteParallelAndReport_Test.java:100)
	at java.base/java.util.ArrayList.forEach(ArrayList.java:1511)
	at java.base/java.util.concurrent.FutureTask.run(FutureTask.java:264)
	at java.base/java.util.concurrent.ThreadPoolExecutor.runWorker(ThreadPoolExecutor.java:1136)
	at java.base/java.util.concurrent.ThreadPoolExecutor$Worker.run(ThreadPoolExecutor.java:635)
	at java.base/java.lang.Thread.run(Thread.java:840)
... Removed 23 stack frames</div></td></tr></table><p class="totop"><a href="#summary">back to summary</a></p>
<h3 id="m1">PracticeTest.SeleniumFramework.submitOrderCompleteParallelAndReport_Test#InvalidLoginErrorValidation</h3><table class="result"><tr><th>Exception</th></tr><tr><td><div class="stacktrace">java.lang.AssertionError: expected [Incorrect email or password.] but found [Logged IN]
	at PracticeTest.SeleniumFramework.submitOrderCompleteParallelAndReport_Test.InvalidLoginErrorValidation(submitOrderCompleteParallelAndReport_Test.java:91)
	at java.base/java.util.ArrayList.forEach(ArrayList.java:1511)
	at java.base/java.util.concurrent.FutureTask.run(FutureTask.java:264)
	at java.base/java.util.concurrent.ThreadPoolExecutor.runWorker(ThreadPoolExecutor.java:1136)
	at java.base/java.util.concurrent.ThreadPoolExecutor$Worker.run(ThreadPoolExecutor.java:635)
	at java.base/java.lang.Thread.run(Thread.java:840)
... Removed 23 stack frames</div></td></tr></table><p class="totop"><a href="#summary">back to summary</a></p>
<h3 id="m2">PracticeTest.SeleniumFramework.submitOrderCompleteParallelAndReport_Test#FailBlankLogin</h3><table class="result"><tr><th>Exception</th></tr><tr><td><div class="stacktrace">java.lang.AssertionError: expected [*Email is required] but found [*Email required]
	at PracticeTest.SeleniumFramework.submitOrderCompleteParallelAndReport_Test.FailBlankLogin(submitOrderCompleteParallelAndReport_Test.java:100)
	at java.base/java.util.ArrayList.forEach(ArrayList.java:1511)
	at java.base/java.util.concurrent.FutureTask.run(FutureTask.java:264)
	at java.base/java.util.concurrent.ThreadPoolExecutor.runWorker(ThreadPoolExecutor.java:1136)
	at java.base/java.util.concurrent.ThreadPoolExecutor$Worker.run(ThreadPoolExecutor.java:635)
	at java.base/java.lang.Thread.run(Thread.java:840)
... Removed 23 stack frames</div></td></tr></table><p class="totop"><a href="#summary">back to summary</a></p>
<h3 id="m3">PracticeTest.SeleniumFramework.submitOrderCompleteParallelAndReport_Test#InvalidLoginErrorValidation</h3><table class="result"><tr><th>Exception</th></tr><tr><td><div class="stacktrace">java.lang.AssertionError: expected [] but found [Logged IN]
	at PracticeTest.SeleniumFramework.submitOrderCompleteParallelAndReport_Test.InvalidLoginErrorValidation(submitOrderCompleteParallelAndReport_Test.java:91)
	at java.base/java.util.ArrayList.forEach(ArrayList.java:1511)
	at java.base/java.util.concurrent.FutureTask.run(FutureTask.java:264)
	at java.base/java.util.concurrent.ThreadPoolExecutor.runWorker(ThreadPoolExecutor.java:1136)
	at java.base/java.util.concurrent.ThreadPoolExecutor$Worker.run(ThreadPoolExecutor.java:635)
	at java.base/java.lang.Thread.run(Thread.java:840)
... Removed 23 stack frames</div></td></tr></table><p class="totop"><a href="#summary">back to summary</a></p>
<h3 id="m4">PracticeTest.SeleniumFramework.submitOrderCompleteParallelAndReport_Test#BlankLogin</h3><table class="result"><tr><th class="invisible"/></tr></table><p class="totop"><a href="#summary">back to summary</a></p>
<h3 id="m5">PracticeTest.SeleniumFramework.submitOrderCompleteParallelAndReport_Test#LoginErrorValidation</h3><table class="result"><tr><th class="invisible"/></tr></table><p class="totop"><a href="#summary">back to summary</a></p>
<h3 id="m6">PracticeTest.SeleniumFramework.submitOrderCompleteParallelAndReport_Test#OrderHistoryTest</h3><table class="result"><tr><th class="invisible"/></tr></table><p class="totop"><a href="#summary">back to summary</a></p>
<h3 id="m7">PracticeTest.SeleniumFramework.submitOrderCompleteParallelAndReport_Test#submitOrder</h3><table class="result"><tr class="param"><th>Parameter #1</th></tr><tr class="param stripe"><td>{product=ZARA COAT 3, pass=Avishi11, email=anvit@gmail.com}</td></tr></table><p class="totop"><a href="#summary">back to summary</a></p>
<h3 id="m8">PracticeTest.SeleniumFramework.submitOrderCompleteParallelAndReport_Test#submitOrder</h3><table class="result"><tr class="param"><th>Parameter #1</th></tr><tr class="param stripe"><td>{product=ADIDAS ORIGINAL, pass=Iamking@000, email=shetty@gmail.com}</td></tr></table><p class="totop"><a href="#summary">back to summary</a></p>
</body>
</html>
